<?xml version="1.0" encoding="UTF-8"?>
<!-- Generated by org.testng.reporters.JUnitReportReporter -->
<testsuite hostname="DESKTOP-CQ2MLA2" failures="0" tests="4" name="TextNG.SequencingPriority" time="0.009" errors="0" timestamp="2022-12-19T18:02:53 IST" skipped="0">
  <testcase classname="TextNG.SequencingPriority" name="abc1" time="0.001"/>
  <system-out/>
  <testcase classname="TextNG.SequencingPriority" name="chickoo1" time="0.002"/>
  <system-out/>
  <testcase classname="TextNG.SequencingPriority" name="a1" time="0.005"/>
  <system-out/>
  <testcase classname="TextNG.SequencingPriority" name="banana1" time="0.001"/>
  <system-out/>
</testsuite> <!-- TextNG.SequencingPriority -->
