<?xml version="1.0" encoding="UTF-8"?>
<!-- Generated by org.testng.reporters.JUnitReportReporter -->
<testsuite hostname="DESKTOP-CQ2MLA2" failures="0" tests="3" name="TextNG.Dataprovider" time="52.071" errors="0" timestamp="2022-12-20T18:05:55 IST" skipped="0">
  <testcase classname="TextNG.Dataprovider" name="validateUserLoginTest" time="13.112"/>
  <system-out/>
  <testcase classname="TextNG.Dataprovider" name="validateUserLoginTest" time="25.637"/>
  <system-out/>
  <testcase classname="TextNG.Dataprovider" name="validateUserLoginTest" time="13.322"/>
  <system-out/>
</testsuite> <!-- TextNG.Dataprovider -->
