<?xml version="1.0" encoding="UTF-8"?>
<!-- Generated by org.testng.reporters.JUnitReportReporter -->
<testsuite hostname="DESKTOP-CQ2MLA2" failures="0" tests="1" name="TextNG.login" time="0.004" errors="0" timestamp="2022-12-19T18:02:53 IST" skipped="0">
  <testcase classname="TextNG.login" name="m1" time="0.004"/>
  <system-out/>
</testsuite> <!-- TextNG.login -->
