<?xml version="1.0" encoding="UTF-8"?>
<!-- Generated by org.testng.reporters.JUnitReportReporter -->
<testsuite hostname="DESKTOP-CQ2MLA2" failures="0" tests="4" name="TextNG.invokationCount" time="0.014" errors="0" timestamp="2022-12-19T18:02:53 IST" skipped="0">
  <testcase classname="TextNG.invokationCount" name="tc1" time="0.001"/>
  <system-out/>
  <testcase classname="TextNG.invokationCount" name="tc1" time="0.008"/>
  <system-out/>
  <testcase classname="TextNG.invokationCount" name="tc1" time="0.003"/>
  <system-out/>
  <testcase classname="TextNG.invokationCount" name="tc1" time="0.002"/>
  <system-out/>
</testsuite> <!-- TextNG.invokationCount -->
